# JRE version: OpenJDK Runtime Environment Temurin-17.0.12+7 (17.0.12+7) (build 17.0.12+7)
# Java VM: OpenJDK 64-Bit Server VM Temurin-17.0.12+7 (17.0.12+7, mixed mode, tiered, compressed oops, compressed class ptrs, parallel gc, windows-amd64)
GC Precious Log:
 CPUs: 4 total, 4 available
 Memory: 8063M
 Large Page Support: Disabled
 NUMA Support: Disabled
 Compressed Oops: Enabled (32-bit)
 Alignments: Space 512K, Generation 512K, Heap 2M
 Heap Min Capacity: 100M
 Heap Initial Capacity: 100M
 Heap Max Capacity: 1G
 Pre-touch: Disabled
 Parallel Workers: 4
Heap:
 PSYoungGen      total 8192K, used 2222K [0x00000000eab00000, 0x00000000eb680000, 0x0000000100000000)
  eden space 7168K, 16% used [0x00000000eab00000,0x00000000eac2fef0,0x00000000eb200000)
  from space 1024K, 98% used [0x00000000eb400000,0x00000000eb4fb930,0x00000000eb500000)
  to   space 2048K, 0% used [0x00000000eb200000,0x00000000eb200000,0x00000000eb400000)
 ParOldGen       total 130560K, used 98099K [0x00000000c0000000, 0x00000000c7f80000, 0x00000000eab00000)
  object space 130560K, 75% used [0x00000000c0000000,0x00000000c5fccd90,0x00000000c7f80000)
 Metaspace       used 81995K, committed 83264K, reserved 1179648K
  class space    used 8664K, committed 9216K, reserved 1048576K
GC Heap History (20 events):
Event: 496.270 GC heap before
{Heap before GC invocations=111 (full 6):
 PSYoungGen      total 5120K, used 5056K [0x00000000eab00000, 0x00000000eb800000, 0x0000000100000000)
  eden space 3072K, 100% used [0x00000000eab00000,0x00000000eae00000,0x00000000eae00000)
  from space 2048K, 96% used [0x00000000eb600000,0x00000000eb7f0000,0x00000000eb800000)
  to   space 2560K, 0% used [0x00000000eb300000,0x00000000eb300000,0x00000000eb580000)
 ParOldGen       total 110080K, used 97513K [0x00000000c0000000, 0x00000000c6b80000, 0x00000000eab00000)
  object space 110080K, 88% used [0x00000000c0000000,0x00000000c5f3a5f8,0x00000000c6b80000)
 Metaspace       used 78735K, committed 80128K, reserved 1179648K
  class space    used 8380K, committed 8960K, reserved 1048576K
}
Event: 496.273 GC heap after
{Heap after GC invocations=111 (full 6):
 PSYoungGen      total 6656K, used 2368K [0x00000000eab00000, 0x00000000eb680000, 0x0000000100000000)
  eden space 4096K, 0% used [0x00000000eab00000,0x00000000eab00000,0x00000000eaf00000)
  from space 2560K, 92% used [0x00000000eb300000,0x00000000eb550000,0x00000000eb580000)
  to   space 1024K, 0% used [0x00000000eb580000,0x00000000eb580000,0x00000000eb680000)
 ParOldGen       total 110080K, used 99497K [0x00000000c0000000, 0x00000000c6b80000, 0x00000000eab00000)
  object space 110080K, 90% used [0x00000000c0000000,0x00000000c612a5f8,0x00000000c6b80000)
 Metaspace       used 78735K, committed 80128K, reserved 1179648K
  class space    used 8380K, committed 8960K, reserved 1048576K
}
Event: 496.284 GC heap before
{Heap before GC invocations=112 (full 6):
 PSYoungGen      total 6656K, used 6464K [0x00000000eab00000, 0x00000000eb680000, 0x0000000100000000)
  eden space 4096K, 100% used [0x00000000eab00000,0x00000000eaf00000,0x00000000eaf00000)
  from space 2560K, 92% used [0x00000000eb300000,0x00000000eb550000,0x00000000eb580000)
  to   space 1024K, 0% used [0x00000000eb580000,0x00000000eb580000,0x00000000eb680000)
 ParOldGen       total 110080K, used 99497K [0x00000000c0000000, 0x00000000c6b80000, 0x00000000eab00000)
  object space 110080K, 90% used [0x00000000c0000000,0x00000000c612a5f8,0x00000000c6b80000)
 Metaspace       used 78735K, committed 80128K, reserved 1179648K
  class space    used 8380K, committed 8960K, reserved 1048576K
}
Event: 496.289 GC heap after
{Heap after GC invocations=112 (full 6):
 PSYoungGen      total 5632K, used 1024K [0x00000000eab00000, 0x00000000ebc00000, 0x0000000100000000)
  eden space 4608K, 0% used [0x00000000eab00000,0x00000000eab00000,0x00000000eaf80000)
  from space 1024K, 100% used [0x00000000eb580000,0x00000000eb680000,0x00000000eb680000)
  to   space 6144K, 0% used [0x00000000eaf80000,0x00000000eaf80000,0x00000000eb580000)
 ParOldGen       total 110080K, used 103929K [0x00000000c0000000, 0x00000000c6b80000, 0x00000000eab00000)
  object space 110080K, 94% used [0x00000000c0000000,0x00000000c657e5f8,0x00000000c6b80000)
 Metaspace       used 78735K, committed 80128K, reserved 1179648K
  class space    used 8380K, committed 8960K, reserved 1048576K
}
Event: 496.700 GC heap before
{Heap before GC invocations=113 (full 6):
 PSYoungGen      total 5632K, used 5632K [0x00000000eab00000, 0x00000000ebc00000, 0x0000000100000000)
  eden space 4608K, 100% used [0x00000000eab00000,0x00000000eaf80000,0x00000000eaf80000)
  from space 1024K, 100% used [0x00000000eb580000,0x00000000eb680000,0x00000000eb680000)
  to   space 6144K, 0% used [0x00000000eaf80000,0x00000000eaf80000,0x00000000eb580000)
 ParOldGen       total 110080K, used 103929K [0x00000000c0000000, 0x00000000c6b80000, 0x00000000eab00000)
  object space 110080K, 94% used [0x00000000c0000000,0x00000000c657e5f8,0x00000000c6b80000)
 Metaspace       used 78779K, committed 80128K, reserved 1179648K
  class space    used 8383K, committed 8960K, reserved 1048576K
}
Event: 496.703 GC heap after
{Heap after GC invocations=113 (full 6):
 PSYoungGen      total 7680K, used 2970K [0x00000000eab00000, 0x00000000eb880000, 0x0000000100000000)
  eden space 4608K, 0% used [0x00000000eab00000,0x00000000eab00000,0x00000000eaf80000)
  from space 3072K, 96% used [0x00000000eaf80000,0x00000000eb266920,0x00000000eb280000)
  to   space 4096K, 0% used [0x00000000eb480000,0x00000000eb480000,0x00000000eb880000)
 ParOldGen       total 110080K, used 104977K [0x00000000c0000000, 0x00000000c6b80000, 0x00000000eab00000)
  object space 110080K, 95% used [0x00000000c0000000,0x00000000c66845f8,0x00000000c6b80000)
 Metaspace       used 78779K, committed 80128K, reserved 1179648K
  class space    used 8383K, committed 8960K, reserved 1048576K
}
Event: 496.802 GC heap before
{Heap before GC invocations=114 (full 6):
 PSYoungGen      total 7680K, used 7502K [0x00000000eab00000, 0x00000000eb880000, 0x0000000100000000)
  eden space 4608K, 98% used [0x00000000eab00000,0x00000000eaf6d048,0x00000000eaf80000)
  from space 3072K, 96% used [0x00000000eaf80000,0x00000000eb266920,0x00000000eb280000)
  to   space 4096K, 0% used [0x00000000eb480000,0x00000000eb480000,0x00000000eb880000)
 ParOldGen       total 110080K, used 104977K [0x00000000c0000000, 0x00000000c6b80000, 0x00000000eab00000)
  object space 110080K, 95% used [0x00000000c0000000,0x00000000c66845f8,0x00000000c6b80000)
 Metaspace       used 78851K, committed 80192K, reserved 1179648K
  class space    used 8386K, committed 8960K, reserved 1048576K
}
Event: 496.807 GC heap after
{Heap after GC invocations=114 (full 6):
 PSYoungGen      total 7168K, used 1055K [0x00000000eab00000, 0x00000000eb600000, 0x0000000100000000)
  eden space 5632K, 0% used [0x00000000eab00000,0x00000000eab00000,0x00000000eb080000)
  from space 1536K, 68% used [0x00000000eb480000,0x00000000eb587dd8,0x00000000eb600000)
  to   space 2048K, 0% used [0x00000000eb200000,0x00000000eb200000,0x00000000eb400000)
 ParOldGen       total 110080K, used 107886K [0x00000000c0000000, 0x00000000c6b80000, 0x00000000eab00000)
  object space 110080K, 98% used [0x00000000c0000000,0x00000000c695b828,0x00000000c6b80000)
 Metaspace       used 78851K, committed 80192K, reserved 1179648K
  class space    used 8386K, committed 8960K, reserved 1048576K
}
Event: 496.807 GC heap before
{Heap before GC invocations=115 (full 7):
 PSYoungGen      total 7168K, used 1055K [0x00000000eab00000, 0x00000000eb600000, 0x0000000100000000)
  eden space 5632K, 0% used [0x00000000eab00000,0x00000000eab00000,0x00000000eb080000)
  from space 1536K, 68% used [0x00000000eb480000,0x00000000eb587dd8,0x00000000eb600000)
  to   space 2048K, 0% used [0x00000000eb200000,0x00000000eb200000,0x00000000eb400000)
 ParOldGen       total 110080K, used 107886K [0x00000000c0000000, 0x00000000c6b80000, 0x00000000eab00000)
  object space 110080K, 98% used [0x00000000c0000000,0x00000000c695b828,0x00000000c6b80000)
 Metaspace       used 78851K, committed 80192K, reserved 1179648K
  class space    used 8386K, committed 8960K, reserved 1048576K
}
Event: 496.983 GC heap after
{Heap after GC invocations=115 (full 7):
 PSYoungGen      total 7168K, used 0K [0x00000000eab00000, 0x00000000eb580000, 0x0000000100000000)
  eden space 6656K, 0% used [0x00000000eab00000,0x00000000eab00000,0x00000000eb180000)
  from space 512K, 0% used [0x00000000eb200000,0x00000000eb200000,0x00000000eb280000)
  to   space 2048K, 0% used [0x00000000eb380000,0x00000000eb380000,0x00000000eb580000)
 ParOldGen       total 130560K, used 96183K [0x00000000c0000000, 0x00000000c7f80000, 0x00000000eab00000)
  object space 130560K, 73% used [0x00000000c0000000,0x00000000c5dedd18,0x00000000c7f80000)
 Metaspace       used 78851K, committed 80192K, reserved 1179648K
  class space    used 8386K, committed 8960K, reserved 1048576K
}
Event: 497.663 GC heap before
{Heap before GC invocations=116 (full 7):
 PSYoungGen      total 7168K, used 6656K [0x00000000eab00000, 0x00000000eb580000, 0x0000000100000000)
  eden space 6656K, 100% used [0x00000000eab00000,0x00000000eb180000,0x00000000eb180000)
  from space 512K, 0% used [0x00000000eb200000,0x00000000eb200000,0x00000000eb280000)
  to   space 2048K, 0% used [0x00000000eb380000,0x00000000eb380000,0x00000000eb580000)
 ParOldGen       total 130560K, used 96183K [0x00000000c0000000, 0x00000000c7f80000, 0x00000000eab00000)
  object space 130560K, 73% used [0x00000000c0000000,0x00000000c5dedd18,0x00000000c7f80000)
 Metaspace       used 78886K, committed 80256K, reserved 1179648K
  class space    used 8392K, committed 8960K, reserved 1048576K
}
Event: 497.665 GC heap after
{Heap after GC invocations=116 (full 7):
 PSYoungGen      total 8704K, used 288K [0x00000000eab00000, 0x00000000eb480000, 0x0000000100000000)
  eden space 7680K, 0% used [0x00000000eab00000,0x00000000eab00000,0x00000000eb280000)
  from space 1024K, 28% used [0x00000000eb380000,0x00000000eb3c8000,0x00000000eb480000)
  to   space 1024K, 0% used [0x00000000eb280000,0x00000000eb280000,0x00000000eb380000)
 ParOldGen       total 130560K, used 96191K [0x00000000c0000000, 0x00000000c7f80000, 0x00000000eab00000)
  object space 130560K, 73% used [0x00000000c0000000,0x00000000c5defd18,0x00000000c7f80000)
 Metaspace       used 78886K, committed 80256K, reserved 1179648K
  class space    used 8392K, committed 8960K, reserved 1048576K
}
Event: 497.897 GC heap before
{Heap before GC invocations=117 (full 7):
 PSYoungGen      total 8704K, used 7968K [0x00000000eab00000, 0x00000000eb480000, 0x0000000100000000)
  eden space 7680K, 100% used [0x00000000eab00000,0x00000000eb280000,0x00000000eb280000)
  from space 1024K, 28% used [0x00000000eb380000,0x00000000eb3c8000,0x00000000eb480000)
  to   space 1024K, 0% used [0x00000000eb280000,0x00000000eb280000,0x00000000eb380000)
 ParOldGen       total 130560K, used 96191K [0x00000000c0000000, 0x00000000c7f80000, 0x00000000eab00000)
  object space 130560K, 73% used [0x00000000c0000000,0x00000000c5defd18,0x00000000c7f80000)
 Metaspace       used 79713K, committed 81088K, reserved 1179648K
  class space    used 8465K, committed 9088K, reserved 1048576K
}
Event: 497.899 GC heap after
{Heap after GC invocations=117 (full 7):
 PSYoungGen      total 8704K, used 874K [0x00000000eab00000, 0x00000000eb580000, 0x0000000100000000)
  eden space 7680K, 0% used [0x00000000eab00000,0x00000000eab00000,0x00000000eb280000)
  from space 1024K, 85% used [0x00000000eb280000,0x00000000eb35a930,0x00000000eb380000)
  to   space 1024K, 0% used [0x00000000eb480000,0x00000000eb480000,0x00000000eb580000)
 ParOldGen       total 130560K, used 96385K [0x00000000c0000000, 0x00000000c7f80000, 0x00000000eab00000)
  object space 130560K, 73% used [0x00000000c0000000,0x00000000c5e20420,0x00000000c7f80000)
 Metaspace       used 79713K, committed 81088K, reserved 1179648K
  class space    used 8465K, committed 9088K, reserved 1048576K
}
Event: 498.432 GC heap before
{Heap before GC invocations=118 (full 7):
 PSYoungGen      total 8704K, used 8544K [0x00000000eab00000, 0x00000000eb580000, 0x0000000100000000)
  eden space 7680K, 99% used [0x00000000eab00000,0x00000000eb27d9f8,0x00000000eb280000)
  from space 1024K, 85% used [0x00000000eb280000,0x00000000eb35a930,0x00000000eb380000)
  to   space 1024K, 0% used [0x00000000eb480000,0x00000000eb480000,0x00000000eb580000)
 ParOldGen       total 130560K, used 96385K [0x00000000c0000000, 0x00000000c7f80000, 0x00000000eab00000)
  object space 130560K, 73% used [0x00000000c0000000,0x00000000c5e20420,0x00000000c7f80000)
 Metaspace       used 80422K, committed 81792K, reserved 1179648K
  class space    used 8532K, committed 9152K, reserved 1048576K
}
Event: 498.434 GC heap after
{Heap after GC invocations=118 (full 7):
 PSYoungGen      total 8704K, used 993K [0x00000000eab00000, 0x00000000eb580000, 0x0000000100000000)
  eden space 7680K, 0% used [0x00000000eab00000,0x00000000eab00000,0x00000000eb280000)
  from space 1024K, 97% used [0x00000000eb480000,0x00000000eb578548,0x00000000eb580000)
  to   space 1536K, 0% used [0x00000000eb280000,0x00000000eb280000,0x00000000eb400000)
 ParOldGen       total 130560K, used 96665K [0x00000000c0000000, 0x00000000c7f80000, 0x00000000eab00000)
  object space 130560K, 74% used [0x00000000c0000000,0x00000000c5e66420,0x00000000c7f80000)
 Metaspace       used 80422K, committed 81792K, reserved 1179648K
  class space    used 8532K, committed 9152K, reserved 1048576K
}
Event: 498.656 GC heap before
{Heap before GC invocations=119 (full 7):
 PSYoungGen      total 8704K, used 8673K [0x00000000eab00000, 0x00000000eb580000, 0x0000000100000000)
  eden space 7680K, 100% used [0x00000000eab00000,0x00000000eb280000,0x00000000eb280000)
  from space 1024K, 97% used [0x00000000eb480000,0x00000000eb578548,0x00000000eb580000)
  to   space 1536K, 0% used [0x00000000eb280000,0x00000000eb280000,0x00000000eb400000)
 ParOldGen       total 130560K, used 96665K [0x00000000c0000000, 0x00000000c7f80000, 0x00000000eab00000)
  object space 130560K, 74% used [0x00000000c0000000,0x00000000c5e66420,0x00000000c7f80000)
 Metaspace       used 81233K, committed 82560K, reserved 1179648K
  class space    used 8587K, committed 9152K, reserved 1048576K
}
Event: 498.658 GC heap after
{Heap after GC invocations=119 (full 7):
 PSYoungGen      total 9216K, used 576K [0x00000000eab00000, 0x00000000eb500000, 0x0000000100000000)
  eden space 7680K, 0% used [0x00000000eab00000,0x00000000eab00000,0x00000000eb280000)
  from space 1536K, 37% used [0x00000000eb280000,0x00000000eb310000,0x00000000eb400000)
  to   space 1024K, 0% used [0x00000000eb400000,0x00000000eb400000,0x00000000eb500000)
 ParOldGen       total 130560K, used 97626K [0x00000000c0000000, 0x00000000c7f80000, 0x00000000eab00000)
  object space 130560K, 74% used [0x00000000c0000000,0x00000000c5f56be0,0x00000000c7f80000)
 Metaspace       used 81233K, committed 82560K, reserved 1179648K
  class space    used 8587K, committed 9152K, reserved 1048576K
}
Event: 498.853 GC heap before
{Heap before GC invocations=120 (full 7):
 PSYoungGen      total 9216K, used 8256K [0x00000000eab00000, 0x00000000eb500000, 0x0000000100000000)
  eden space 7680K, 100% used [0x00000000eab00000,0x00000000eb280000,0x00000000eb280000)
  from space 1536K, 37% used [0x00000000eb280000,0x00000000eb310000,0x00000000eb400000)
  to   space 1024K, 0% used [0x00000000eb400000,0x00000000eb400000,0x00000000eb500000)
 ParOldGen       total 130560K, used 97626K [0x00000000c0000000, 0x00000000c7f80000, 0x00000000eab00000)
  object space 130560K, 74% used [0x00000000c0000000,0x00000000c5f56be0,0x00000000c7f80000)
 Metaspace       used 81797K, committed 83136K, reserved 1179648K
  class space    used 8648K, committed 9216K, reserved 1048576K
}
Event: 498.855 GC heap after
{Heap after GC invocations=120 (full 7):
 PSYoungGen      total 8192K, used 1006K [0x00000000eab00000, 0x00000000eb680000, 0x0000000100000000)
  eden space 7168K, 0% used [0x00000000eab00000,0x00000000eab00000,0x00000000eb200000)
  from space 1024K, 98% used [0x00000000eb400000,0x00000000eb4fb930,0x00000000eb500000)
  to   space 2048K, 0% used [0x00000000eb200000,0x00000000eb200000,0x00000000eb400000)
 ParOldGen       total 130560K, used 98099K [0x00000000c0000000, 0x00000000c7f80000, 0x00000000eab00000)
  object space 130560K, 75% used [0x00000000c0000000,0x00000000c5fccd90,0x00000000c7f80000)
 Metaspace       used 81797K, committed 83136K, reserved 1179648K
  class space    used 8648K, committed 9216K, reserved 1048576K
}

